FAILED: build /home/ubuntu/everest/out/target/product/miatoll/obj/PACKAGING/check-all-partition-sizes_intermediates/check_all_partition_sizes.log (priority: 4)
Outputs: /home/ubuntu/everest/out/target/product/miatoll/obj/PACKAGING/check-all-partition-sizes_intermediates/check_all_partition_sizes.log
Error: exited with code: 1
Command: /bin/bash -c "(mkdir -p /home/ubuntu/everest/out/target/product/miatoll/obj/PACKAGING/check-all-partition-sizes_intermediates/ ) && (rm -f  /home/ubuntu/everest/out/target/product/miatoll/obj/PACKAGING/check-all-partition-sizes_intermediates/misc_info.txt ) && (echo \"use_dynamic_partitions=true\" >>   /home/ubuntu/everest/out/target/product/miatoll/obj/PACKAGING/check-all-partition-sizes_intermediates/misc_info.txt ) && (echo \"lpmake=lpmake\" >>   /home/ubuntu/everest/out/target/product/miatoll/obj/PACKAGING/check-all-partition-sizes_intermediates/misc_info.txt ) && (echo \"build_super_partition=true\" >>   /home/ubuntu/everest/out/target/product/miatoll/obj/PACKAGING/check-all-partition-sizes_intermediates/misc_info.txt ) && (echo \"build_super_empty_partition=true\" >>   /home/ubuntu/everest/out/target/product/miatoll/obj/PACKAGING/check-all-partition-sizes_intermediates/misc_info.txt ) && (echo \"super_metadata_device=super\" >>   /home/ubuntu/everest/out/target/product/miatoll/obj/PACKAGING/check-all-partition-sizes_intermediates/misc_info.txt ) && (echo \"super_block_devices=super\" >>   /home/ubuntu/everest/out/target/product/miatoll/obj/PACKAGING/check-all-partition-sizes_intermediates/misc_info.txt ) && (echo \"super_super_device_size=8589934592\" >>   /home/ubuntu/everest/out/target/product/miatoll/obj/PACKAGING/check-all-partition-sizes_intermediates/misc_info.txt ) && (echo \"dynamic_partition_list= system system_ext vendor product\" >>   /home/ubuntu/everest/out/target/product/miatoll/obj/PACKAGING/check-all-partition-sizes_intermediates/misc_info.txt ) && (echo \"super_partition_groups=qti_dynamic_partitions\" >>   /home/ubuntu/everest/out/target/product/miatoll/obj/PACKAGING/check-all-partition-sizes_intermediates/misc_info.txt ) && (echo \"super_qti_dynamic_partitions_group_size=8585740288\" >>   /home/ubuntu/everest/out/target/product/miatoll/obj/PACKAGING/check-all-partition-sizes_intermediates/misc_info.txt;  echo \"super_qti_dynamic_partitions_partition_list= system system_ext vendor product\" >>   /home/ubuntu/everest/out/target/product/miatoll/obj/PACKAGING/check-all-partition-sizes_intermediates/misc_info.txt ) && (echo \"super_partition_size=8589934592\" >>   /home/ubuntu/everest/out/target/product/miatoll/obj/PACKAGING/check-all-partition-sizes_intermediates/misc_info.txt ) && (echo \"system_image=\"/home/ubuntu/everest/out/target/product/miatoll/system.img >>  /home/ubuntu/everest/out/target/product/miatoll/obj/PACKAGING/check-all-partition-sizes_intermediates/misc_info.txt;  echo \"system_ext_image=\"/home/ubuntu/everest/out/target/product/miatoll/system_ext.img >>  /home/ubuntu/everest/out/target/product/miatoll/obj/PACKAGING/check-all-partition-sizes_intermediates/misc_info.txt;  echo \"vendor_image=\"/home/ubuntu/everest/out/target/product/miatoll/vendor.img >>  /home/ubuntu/everest/out/target/product/miatoll/obj/PACKAGING/check-all-partition-sizes_intermediates/misc_info.txt;  echo \"product_image=\"/home/ubuntu/everest/out/target/product/miatoll/product.img >>  /home/ubuntu/everest/out/target/product/miatoll/obj/PACKAGING/check-all-partition-sizes_intermediates/misc_info.txt ) && (/home/ubuntu/everest/out/host/linux-x86/bin/check_partition_sizes --logfile  /home/ubuntu/everest/out/target/product/miatoll/obj/PACKAGING/check-all-partition-sizes_intermediates/check_all_partition_sizes.log  /home/ubuntu/everest/out/target/product/miatoll/obj/PACKAGING/check-all-partition-sizes_intermediates/misc_info.txt )"
Output:
Traceback (most recent call last):
  File "<frozen runpy>", line 198, in _run_module_as_main
  File "<frozen runpy>", line 88, in _run_code
  File "/home/ubuntu/everest/out/host/linux-x86/bin/check_partition_sizes/__main__.py", line 12, in <module>
  File "<frozen runpy>", line 198, in _run_module_as_main
  File "<frozen runpy>", line 88, in _run_code
  File "check_partition_sizes.py", line 302, in <module>
  File "check_partition_sizes.py", line 296, in main
  File "check_partition_sizes.py", line 284, in CheckPartitionSizes
  File "check_partition_sizes.py", line 276, in Run
  File "check_partition_sizes.py", line 233, in _CheckAllPartitionSizes
  File "check_partition_sizes.py", line 168, in _CheckSumOfPartitionSizes
  File "check_partition_sizes.py", line 62, in CheckLe
RuntimeError: sum of sizes of ['system', 'system_ext', 'vendor', 'product'] is greater than BOARD_SUPER_PARTITION_SIZE:
3203014656+913063936+1106735104+4255756288 == 9478569984 > 8589934592 == 8589934592

