FAILED: build /home/ubuntu/everest/out/target/product/miatoll/obj/PACKAGING/check_vintf_all_intermediates/check_vintf_compatible.log (priority: 4)
Outputs: /home/ubuntu/everest/out/target/product/miatoll/obj/PACKAGING/check_vintf_all_intermediates/check_vintf_compatible.log
Error: exited with code: 1
Command: /bin/bash -c "(echo \"PRODUCT_OTA_ENFORCE_VINTF_KERNEL_REQUIREMENTS=true\" > /home/ubuntu/everest/out/target/product/miatoll/obj/PACKAGING/check_vintf_all_intermediates/check_vintf_compatible.log ) && (echo -n -e 'Deps: \\n  ' >> /home/ubuntu/everest/out/target/product/miatoll/obj/PACKAGING/check_vintf_all_intermediates/check_vintf_compatible.log ) && (sed 's/ /\\n  /g' <<< \"/home/ubuntu/everest/out/target/product/miatoll/system/etc/vintf/compatibility_matrix.202404.xml /home/ubuntu/everest/out/target/product/miatoll/system/etc/vintf/compatibility_matrix.4.xml /home/ubuntu/everest/out/target/product/miatoll/system/etc/vintf/compatibility_matrix.5.xml /home/ubuntu/everest/out/target/product/miatoll/system/etc/vintf/compatibility_matrix.6.xml /home/ubuntu/everest/out/target/product/miatoll/system/etc/vintf/compatibility_matrix.7.xml /home/ubuntu/everest/out/target/product/miatoll/system/etc/vintf/compatibility_matrix.8.xml /home/ubuntu/everest/out/target/product/miatoll/system/etc/vintf/compatibility_matrix.device.xml /home/ubuntu/everest/out/target/product/miatoll/system/etc/vintf/manifest.xml /home/ubuntu/everest/out/target/product/miatoll/system/etc/vintf/manifest/android.frameworks.stats-service.xml /home/ubuntu/everest/out/target/product/miatoll/system/etc/vintf/manifest/android.system.keystore2-service.xml /home/ubuntu/everest/out/target/product/miatoll/system/etc/vintf/manifest/android.system.net.netd-service.xml /home/ubuntu/everest/out/target/product/miatoll/system/etc/vintf/manifest/android.system.suspend-service.xml /home/ubuntu/everest/out/target/product/miatoll/system/etc/vintf/manifest/manifest_android.frameworks.cameraservice.service.xml /home/ubuntu/everest/out/target/product/miatoll/system/etc/vintf/manifest/manifest_media_c2_software_hidl.xml /home/ubuntu/everest/out/target/product/miatoll/system/etc/vintf/manifest/manifest_services.xml /home/ubuntu/everest/out/target/product/miatoll/system_ext/etc/vintf/manifest.xml /home/ubuntu/everest/out/target/product/miatoll/system_ext/etc/vintf/manifest/android.hidl.allocator@1.0-service.xml /home/ubuntu/everest/out/target/product/miatoll/system_ext/etc/vintf/manifest/hwservicemanager.xml /home/ubuntu/everest/out/target/product/miatoll/vendor/apex/com.android.hardware.cas.apex /home/ubuntu/everest/out/target/product/miatoll/vendor/etc/vintf/compatibility_matrix.xml /home/ubuntu/everest/out/target/product/miatoll/vendor/etc/vintf/manifest.xml /home/ubuntu/everest/out/target/product/miatoll/vendor/etc/vintf/manifest/android.hardware.cas@1.2-service.xml /home/ubuntu/everest/out/target/product/miatoll/vendor/etc/vintf/manifest/android.hardware.drm-service.clearkey.xml /home/ubuntu/everest/out/target/product/miatoll/vendor/etc/vintf/manifest/android.hardware.gnss@2.1-service-qti.xml /home/ubuntu/everest/out/target/product/miatoll/vendor/etc/vintf/manifest/android.hardware.graphics.composer-qti-display.xml /home/ubuntu/everest/out/target/product/miatoll/vendor/etc/vintf/manifest/android.hardware.graphics.mapper-impl-qti-display.xml /home/ubuntu/everest/out/target/product/miatoll/vendor/etc/vintf/manifest/android.hardware.health-service.qti.xml /home/ubuntu/everest/out/target/product/miatoll/vendor/etc/vintf/manifest/android.hardware.ir-service.example.xml /home/ubuntu/everest/out/target/product/miatoll/vendor/etc/vintf/manifest/android.hardware.keymaster@4.1-service-default-qti.xml /home/ubuntu/everest/out/target/product/miatoll/vendor/etc/vintf/manifest/android.hardware.neuralnetworks@1.3-service-qti-hta.xml /home/ubuntu/everest/out/target/product/miatoll/vendor/etc/vintf/manifest/android.hardware.neuralnetworks@1.3-service-qti.xml /home/ubuntu/everest/out/target/product/miatoll/vendor/etc/vintf/manifest/android.hardware.sensors@2.1-service.xiaomi-multihal.xml /home/ubuntu/everest/out/target/product/miatoll/vendor/etc/vintf/manifest/android.hardware.thermal@2.0-service.qti.xml /home/ubuntu/everest/out/target/product/miatoll/vendor/etc/vintf/manifest/android.hardware.usb.gadget@1.2-service-qti.xml /home/ubuntu/everest/out/target/product/miatoll/vendor/etc/vintf/manifest/android.hardware.usb@1.3-service.dual_role_usb.xml /home/ubuntu/everest/out/target/product/miatoll/vendor/etc/vintf/manifest/android.hardware.wifi-service.xml /home/ubuntu/everest/out/target/product/miatoll/vendor/etc/vintf/manifest/android.hardware.wifi.hostapd.xml /home/ubuntu/everest/out/target/product/miatoll/vendor/etc/vintf/manifest/android.hardware.wifi.supplicant.xml /home/ubuntu/everest/out/target/product/miatoll/vendor/etc/vintf/manifest/bluetooth_audio.xml /home/ubuntu/everest/out/target/product/miatoll/vendor/etc/vintf/manifest/manifest_android.hardware.drm@1.3-service.widevine.xml /home/ubuntu/everest/out/target/product/miatoll/vendor/etc/vintf/manifest/vendor.lineage.health-service.default.xml /home/ubuntu/everest/out/target/product/miatoll/vendor/etc/vintf/manifest/vendor.qti.gnss@4.0-service.xml /home/ubuntu/everest/out/target/product/miatoll/vendor/etc/vintf/manifest/vendor.qti.hardware.display.allocator-service.xml /home/ubuntu/everest/out/target/product/miatoll/vendor/etc/vintf/manifest/vendor.qti.hardware.vibrator.service.xml /home/ubuntu/everest/out/target/product/miatoll/vendor/odm/etc/vintf/manifest_joyeuse.xml /home/ubuntu/everest/out/target/product/miatoll/obj/PACKAGING/check_vintf_all_intermediates/apex/apex-info-list.xml /home/ubuntu/everest/out/target/product/miatoll/obj/PACKAGING/check_vintf_all_intermediates/kernel_configs.txt /home/ubuntu/everest/out/target/product/miatoll/obj/PACKAGING/check_vintf_all_intermediates/kernel_version.txt\" >> /home/ubuntu/everest/out/target/product/miatoll/obj/PACKAGING/check_vintf_all_intermediates/check_vintf_compatible.log ) && (echo -n -e 'Args: \\n  ' >> /home/ubuntu/everest/out/target/product/miatoll/obj/PACKAGING/check_vintf_all_intermediates/check_vintf_compatible.log ) && (cat <<< \" --kernel /home/ubuntu/everest/out/target/product/miatoll/obj/PACKAGING/check_vintf_all_intermediates/kernel_version.txt:/home/ubuntu/everest/out/target/product/miatoll/obj/PACKAGING/check_vintf_all_intermediates/kernel_configs.txt --dirmap /system:/home/ubuntu/everest/out/target/product/miatoll/system --dirmap /vendor:/home/ubuntu/everest/out/target/product/miatoll/vendor --dirmap /odm:/home/ubuntu/everest/out/target/product/miatoll/vendor/odm --dirmap /product:/home/ubuntu/everest/out/target/product/miatoll/product --dirmap /system_ext:/home/ubuntu/everest/out/target/product/miatoll/system_ext --dirmap /apex:/home/ubuntu/everest/out/target/product/miatoll/obj/PACKAGING/check_vintf_all_intermediates/apex  --property ro.product.first_api_level=29\" >> /home/ubuntu/everest/out/target/product/miatoll/obj/PACKAGING/check_vintf_all_intermediates/check_vintf_compatible.log ) && (echo \"For ODM SKU = joyeuse, vendor SKU = EMPTY_VENDOR_SKU_PLACEHOLDER\" >> /home/ubuntu/everest/out/target/product/miatoll/obj/PACKAGING/check_vintf_all_intermediates/check_vintf_compatible.log; ( /home/ubuntu/everest/out/host/linux-x86/bin/checkvintf --check-compat  --kernel /home/ubuntu/everest/out/target/product/miatoll/obj/PACKAGING/check_vintf_all_intermediates/kernel_version.txt:/home/ubuntu/everest/out/target/product/miatoll/obj/PACKAGING/check_vintf_all_intermediates/kernel_configs.txt --dirmap /system:/home/ubuntu/everest/out/target/product/miatoll/system --dirmap /vendor:/home/ubuntu/everest/out/target/product/miatoll/vendor --dirmap /odm:/home/ubuntu/everest/out/target/product/miatoll/vendor/odm --dirmap /product:/home/ubuntu/everest/out/target/product/miatoll/product --dirmap /system_ext:/home/ubuntu/everest/out/target/product/miatoll/system_ext --dirmap /apex:/home/ubuntu/everest/out/target/product/miatoll/obj/PACKAGING/check_vintf_all_intermediates/apex  --property ro.product.first_api_level=29 --property ro.boot.product.hardware.sku=joyeuse --property ro.boot.product.vendor.sku= >> /home/ubuntu/everest/out/target/product/miatoll/obj/PACKAGING/check_vintf_all_intermediates/check_vintf_compatible.log 2>&1 ) || (cat /home/ubuntu/everest/out/target/product/miatoll/obj/PACKAGING/check_vintf_all_intermediates/check_vintf_compatible.log && exit 1) )"
Output:
PRODUCT_OTA_ENFORCE_VINTF_KERNEL_REQUIREMENTS=true
Deps: 
  /home/ubuntu/everest/out/target/product/miatoll/system/etc/vintf/compatibility_matrix.202404.xml
  /home/ubuntu/everest/out/target/product/miatoll/system/etc/vintf/compatibility_matrix.4.xml
  /home/ubuntu/everest/out/target/product/miatoll/system/etc/vintf/compatibility_matrix.5.xml
  /home/ubuntu/everest/out/target/product/miatoll/system/etc/vintf/compatibility_matrix.6.xml
  /home/ubuntu/everest/out/target/product/miatoll/system/etc/vintf/compatibility_matrix.7.xml
  /home/ubuntu/everest/out/target/product/miatoll/system/etc/vintf/compatibility_matrix.8.xml
  /home/ubuntu/everest/out/target/product/miatoll/system/etc/vintf/compatibility_matrix.device.xml
  /home/ubuntu/everest/out/target/product/miatoll/system/etc/vintf/manifest.xml
  /home/ubuntu/everest/out/target/product/miatoll/system/etc/vintf/manifest/android.frameworks.stats-service.xml
  /home/ubuntu/everest/out/target/product/miatoll/system/etc/vintf/manifest/android.system.keystore2-service.xml
  /home/ubuntu/everest/out/target/product/miatoll/system/etc/vintf/manifest/android.system.net.netd-service.xml
  /home/ubuntu/everest/out/target/product/miatoll/system/etc/vintf/manifest/android.system.suspend-service.xml
  /home/ubuntu/everest/out/target/product/miatoll/system/etc/vintf/manifest/manifest_android.frameworks.cameraservice.service.xml
  /home/ubuntu/everest/out/target/product/miatoll/system/etc/vintf/manifest/manifest_media_c2_software_hidl.xml
  /home/ubuntu/everest/out/target/product/miatoll/system/etc/vintf/manifest/manifest_services.xml
  /home/ubuntu/everest/out/target/product/miatoll/system_ext/etc/vintf/manifest.xml
  /home/ubuntu/everest/out/target/product/miatoll/system_ext/etc/vintf/manifest/android.hidl.allocator@1.0-service.xml
  /home/ubuntu/everest/out/target/product/miatoll/system_ext/etc/vintf/manifest/hwservicemanager.xml
  /home/ubuntu/everest/out/target/product/miatoll/vendor/apex/com.android.hardware.cas.apex
  /home/ubuntu/everest/out/target/product/miatoll/vendor/etc/vintf/compatibility_matrix.xml
  /home/ubuntu/everest/out/target/product/miatoll/vendor/etc/vintf/manifest.xml
  /home/ubuntu/everest/out/target/product/miatoll/vendor/etc/vintf/manifest/android.hardware.cas@1.2-service.xml
  /home/ubuntu/everest/out/target/product/miatoll/vendor/etc/vintf/manifest/android.hardware.drm-service.clearkey.xml
  /home/ubuntu/everest/out/target/product/miatoll/vendor/etc/vintf/manifest/android.hardware.gnss@2.1-service-qti.xml
  /home/ubuntu/everest/out/target/product/miatoll/vendor/etc/vintf/manifest/android.hardware.graphics.composer-qti-display.xml
  /home/ubuntu/everest/out/target/product/miatoll/vendor/etc/vintf/manifest/android.hardware.graphics.mapper-impl-qti-display.xml
  /home/ubuntu/everest/out/target/product/miatoll/vendor/etc/vintf/manifest/android.hardware.health-service.qti.xml
  /home/ubuntu/everest/out/target/product/miatoll/vendor/etc/vintf/manifest/android.hardware.ir-service.example.xml
  /home/ubuntu/everest/out/target/product/miatoll/vendor/etc/vintf/manifest/android.hardware.keymaster@4.1-service-default-qti.xml
  /home/ubuntu/everest/out/target/product/miatoll/vendor/etc/vintf/manifest/android.hardware.neuralnetworks@1.3-service-qti-hta.xml
  /home/ubuntu/everest/out/target/product/miatoll/vendor/etc/vintf/manifest/android.hardware.neuralnetworks@1.3-service-qti.xml
  /home/ubuntu/everest/out/target/product/miatoll/vendor/etc/vintf/manifest/android.hardware.sensors@2.1-service.xiaomi-multihal.xml
  /home/ubuntu/everest/out/target/product/miatoll/vendor/etc/vintf/manifest/android.hardware.thermal@2.0-service.qti.xml
  /home/ubuntu/everest/out/target/product/miatoll/vendor/etc/vintf/manifest/android.hardware.usb.gadget@1.2-service-qti.xml
  /home/ubuntu/everest/out/target/product/miatoll/vendor/etc/vintf/manifest/android.hardware.usb@1.3-service.dual_role_usb.xml
  /home/ubuntu/everest/out/target/product/miatoll/vendor/etc/vintf/manifest/android.hardware.wifi-service.xml
  /home/ubuntu/everest/out/target/product/miatoll/vendor/etc/vintf/manifest/android.hardware.wifi.hostapd.xml
  /home/ubuntu/everest/out/target/product/miatoll/vendor/etc/vintf/manifest/android.hardware.wifi.supplicant.xml
  /home/ubuntu/everest/out/target/product/miatoll/vendor/etc/vintf/manifest/bluetooth_audio.xml
  /home/ubuntu/everest/out/target/product/miatoll/vendor/etc/vintf/manifest/manifest_android.hardware.drm@1.3-service.widevine.xml
  /home/ubuntu/everest/out/target/product/miatoll/vendor/etc/vintf/manifest/vendor.lineage.health-service.default.xml
  /home/ubuntu/everest/out/target/product/miatoll/vendor/etc/vintf/manifest/vendor.qti.gnss@4.0-service.xml
  /home/ubuntu/everest/out/target/product/miatoll/vendor/etc/vintf/manifest/vendor.qti.hardware.display.allocator-service.xml
  /home/ubuntu/everest/out/target/product/miatoll/vendor/etc/vintf/manifest/vendor.qti.hardware.vibrator.service.xml
  /home/ubuntu/everest/out/target/product/miatoll/vendor/odm/etc/vintf/manifest_joyeuse.xml
  /home/ubuntu/everest/out/target/product/miatoll/obj/PACKAGING/check_vintf_all_intermediates/apex/apex-info-list.xml
  /home/ubuntu/everest/out/target/product/miatoll/obj/PACKAGING/check_vintf_all_intermediates/kernel_configs.txt
  /home/ubuntu/everest/out/target/product/miatoll/obj/PACKAGING/check_vintf_all_intermediates/kernel_version.txt
Args: 
   --kernel /home/ubuntu/everest/out/target/product/miatoll/obj/PACKAGING/check_vintf_all_intermediates/kernel_version.txt:/home/ubuntu/everest/out/target/product/miatoll/obj/PACKAGING/check_vintf_all_intermediates/kernel_configs.txt --dirmap /system:/home/ubuntu/everest/out/target/product/miatoll/system --dirmap /vendor:/home/ubuntu/everest/out/target/product/miatoll/vendor --dirmap /odm:/home/ubuntu/everest/out/target/product/miatoll/vendor/odm --dirmap /product:/home/ubuntu/everest/out/target/product/miatoll/product --dirmap /system_ext:/home/ubuntu/everest/out/target/product/miatoll/system_ext --dirmap /apex:/home/ubuntu/everest/out/target/product/miatoll/obj/PACKAGING/check_vintf_all_intermediates/apex  --property ro.product.first_api_level=29
For ODM SKU = joyeuse, vendor SKU = EMPTY_VENDOR_SKU_PLACEHOLDER
Cannot parse "/home/ubuntu/everest/out/target/product/miatoll/obj/PACKAGING/check_vintf_all_intermediates/kernel_version.txt" as kernel version, parsing as GKI kernel release.
Cannot parse "/home/ubuntu/everest/out/target/product/miatoll/obj/PACKAGING/check_vintf_all_intermediates/kernel_version.txt" as GKI kernel release, parsing as kernel release
Cannot parse "/home/ubuntu/everest/out/target/product/miatoll/obj/PACKAGING/check_vintf_all_intermediates/kernel_version.txt" as kernel release
Cannot parse "4.14.336-Namaste" as kernel version, parsing as GKI kernel release.
Cannot parse "4.14.336-Namaste" as GKI kernel release, parsing as kernel release
"4.14.336-Namaste" is not a mainline kernel.
Successfully parsed content of /home/ubuntu/everest/out/target/product/miatoll/obj/PACKAGING/check_vintf_all_intermediates/kernel_version.txt: 4.14.336-Namaste
getFrameworkHalManifest: Reading VINTF information.
Fetch '/home/ubuntu/everest/out/target/product/miatoll/system/etc/vintf/manifest.xml': OK
List '/home/ubuntu/everest/out/target/product/miatoll/system/etc/vintf/manifest/': OK
Fetch '/home/ubuntu/everest/out/target/product/miatoll/system/etc/vintf/manifest/manifest_android.frameworks.cameraservice.service.xml': OK
Fetch '/home/ubuntu/everest/out/target/product/miatoll/system/etc/vintf/manifest/android.system.net.netd-service.xml': OK
Fetch '/home/ubuntu/everest/out/target/product/miatoll/system/etc/vintf/manifest/android.system.keystore2-service.xml': OK
Fetch '/home/ubuntu/everest/out/target/product/miatoll/system/etc/vintf/manifest/manifest_media_c2_software_hidl.xml': OK
Fetch '/home/ubuntu/everest/out/target/product/miatoll/system/etc/vintf/manifest/android.frameworks.stats-service.xml': OK
Fetch '/home/ubuntu/everest/out/target/product/miatoll/system/etc/vintf/manifest/manifest_services.xml': OK
Fetch '/home/ubuntu/everest/out/target/product/miatoll/system/etc/vintf/manifest/android.system.suspend-service.xml': OK
Fetch '/home/ubuntu/everest/out/target/product/miatoll/product/etc/vintf/manifest.xml': NAME_NOT_FOUND
List '/home/ubuntu/everest/out/target/product/miatoll/product/etc/vintf/manifest/': NAME_NOT_FOUND
Fetch '/home/ubuntu/everest/out/target/product/miatoll/system_ext/etc/vintf/manifest.xml': OK
List '/home/ubuntu/everest/out/target/product/miatoll/system_ext/etc/vintf/manifest/': OK
Fetch '/home/ubuntu/everest/out/target/product/miatoll/system_ext/etc/vintf/manifest/hwservicemanager.xml': OK
Fetch '/home/ubuntu/everest/out/target/product/miatoll/system_ext/etc/vintf/manifest/android.hidl.allocator@1.0-service.xml': OK
getDeviceHalManifest: Reading VINTF information.
Sysprop ro.boot.product.vendor.sku=
Fetch '/home/ubuntu/everest/out/target/product/miatoll/vendor/etc/vintf/manifest.xml': OK
List '/home/ubuntu/everest/out/target/product/miatoll/vendor/etc/vintf/manifest/': OK
Fetch '/home/ubuntu/everest/out/target/product/miatoll/vendor/etc/vintf/manifest/vendor.qti.hardware.display.allocator-service.xml': OK
Fetch '/home/ubuntu/everest/out/target/product/miatoll/vendor/etc/vintf/manifest/android.hardware.health-service.qti.xml': OK
Fetch '/home/ubuntu/everest/out/target/product/miatoll/vendor/etc/vintf/manifest/android.hardware.neuralnetworks@1.3-service-qti-hta.xml': OK
Fetch '/home/ubuntu/everest/out/target/product/miatoll/vendor/etc/vintf/manifest/vendor.qti.gnss@4.0-service.xml': OK
Fetch '/home/ubuntu/everest/out/target/product/miatoll/vendor/etc/vintf/manifest/android.hardware.keymaster@4.1-service-default-qti.xml': OK
Fetch '/home/ubuntu/everest/out/target/product/miatoll/vendor/etc/vintf/manifest/vendor.lineage.health-service.default.xml': OK
Fetch '/home/ubuntu/everest/out/target/product/miatoll/vendor/etc/vintf/manifest/vendor.qti.hardware.vibrator.service.xml': OK
Fetch '/home/ubuntu/everest/out/target/product/miatoll/vendor/etc/vintf/manifest/android.hardware.wifi.hostapd.xml': OK
Fetch '/home/ubuntu/everest/out/target/product/miatoll/vendor/etc/vintf/manifest/android.hardware.usb.gadget@1.2-service-qti.xml': OK
Fetch '/home/ubuntu/everest/out/target/product/miatoll/vendor/etc/vintf/manifest/android.hardware.usb@1.3-service.dual_role_usb.xml': OK
Fetch '/home/ubuntu/everest/out/target/product/miatoll/vendor/etc/vintf/manifest/android.hardware.graphics.composer-qti-display.xml': OK
Fetch '/home/ubuntu/everest/out/target/product/miatoll/vendor/etc/vintf/manifest/android.hardware.wifi-service.xml': OK
Fetch '/home/ubuntu/everest/out/target/product/miatoll/vendor/etc/vintf/manifest/android.hardware.cas@1.2-service.xml': OK
Fetch '/home/ubuntu/everest/out/target/product/miatoll/vendor/etc/vintf/manifest/android.hardware.thermal@2.0-service.qti.xml': OK
Fetch '/home/ubuntu/everest/out/target/product/miatoll/vendor/etc/vintf/manifest/android.hardware.ir-service.example.xml': OK
Fetch '/home/ubuntu/everest/out/target/product/miatoll/vendor/etc/vintf/manifest/android.hardware.neuralnetworks@1.3-service-qti.xml': OK
Fetch '/home/ubuntu/everest/out/target/product/miatoll/vendor/etc/vintf/manifest/android.hardware.drm-service.clearkey.xml': OK
Fetch '/home/ubuntu/everest/out/target/product/miatoll/vendor/etc/vintf/manifest/bluetooth_audio.xml': OK
Fetch '/home/ubuntu/everest/out/target/product/miatoll/vendor/etc/vintf/manifest/android.hardware.graphics.mapper-impl-qti-display.xml': OK
Fetch '/home/ubuntu/everest/out/target/product/miatoll/vendor/etc/vintf/manifest/android.hardware.wifi.supplicant.xml': OK
Fetch '/home/ubuntu/everest/out/target/product/miatoll/vendor/etc/vintf/manifest/manifest_android.hardware.drm@1.3-service.widevine.xml': OK
Fetch '/home/ubuntu/everest/out/target/product/miatoll/vendor/etc/vintf/manifest/android.hardware.gnss@2.1-service-qti.xml': OK
Fetch '/home/ubuntu/everest/out/target/product/miatoll/vendor/etc/vintf/manifest/android.hardware.sensors@2.1-service.xiaomi-multihal.xml': OK
Sysprop ro.boot.product.hardware.sku=joyeuse
Fetch '/home/ubuntu/everest/out/target/product/miatoll/vendor/odm/etc/vintf/manifest_joyeuse.xml': OK
List '/home/ubuntu/everest/out/target/product/miatoll/vendor/odm/etc/vintf/manifest/': NAME_NOT_FOUND
Sysprop apex.all.ready is missing, default to ''
Get modified time '/home/ubuntu/everest/out/target/product/miatoll/obj/PACKAGING/check_vintf_all_intermediates/apex/apex-info-list.xml': OK
Fetch '/home/ubuntu/everest/out/target/product/miatoll/obj/PACKAGING/check_vintf_all_intermediates/apex/apex-info-list.xml': OK
Loaded APEX Infos from /apex/apex-info-list.xml
List '/home/ubuntu/everest/out/target/product/miatoll/obj/PACKAGING/check_vintf_all_intermediates/apex/com.android.hardware.cas/etc/vintf/': OK
Fetch '/home/ubuntu/everest/out/target/product/miatoll/obj/PACKAGING/check_vintf_all_intermediates/apex/com.android.hardware.cas/etc/vintf/android.hardware.cas-service.xml': OK
getDeviceHalManifest: Successfully processed VINTF information
getFrameworkHalManifest: Successfully processed VINTF information
Sysprop apex.all.ready is missing, default to ''
Get modified time '/home/ubuntu/everest/out/target/product/miatoll/obj/PACKAGING/check_vintf_all_intermediates/apex/apex-info-list.xml': OK
Sysprop apex.all.ready is missing, default to ''
Get modified time '/home/ubuntu/everest/out/target/product/miatoll/obj/PACKAGING/check_vintf_all_intermediates/apex/apex-info-list.xml': OK
fetched kernel level from RuntimeInfo ''
Sysprop apex.all.ready is missing, default to ''
Get modified time '/home/ubuntu/everest/out/target/product/miatoll/obj/PACKAGING/check_vintf_all_intermediates/apex/apex-info-list.xml': OK
getFrameworkCompatibilityMatrix: Reading VINTF information.
List '/home/ubuntu/everest/out/target/product/miatoll/system/etc/vintf/': OK
Fetch '/home/ubuntu/everest/out/target/product/miatoll/system/etc/vintf/compatibility_matrix.7.xml': OK
Fetch '/home/ubuntu/everest/out/target/product/miatoll/system/etc/vintf/compatibility_matrix.device.xml': OK
Fetch '/home/ubuntu/everest/out/target/product/miatoll/system/etc/vintf/compatibility_matrix.6.xml': OK
Fetch '/home/ubuntu/everest/out/target/product/miatoll/system/etc/vintf/compatibility_matrix.202404.xml': OK
Fetch '/home/ubuntu/everest/out/target/product/miatoll/system/etc/vintf/compatibility_matrix.5.xml': OK
Fetch '/home/ubuntu/everest/out/target/product/miatoll/system/etc/vintf/compatibility_matrix.8.xml': OK
Fetch '/home/ubuntu/everest/out/target/product/miatoll/system/etc/vintf/manifest.xml': OK
Fetch '/home/ubuntu/everest/out/target/product/miatoll/system/etc/vintf/compatibility_matrix.4.xml': OK
List '/home/ubuntu/everest/out/target/product/miatoll/system_ext/etc/vintf/': OK
Fetch '/home/ubuntu/everest/out/target/product/miatoll/system_ext/etc/vintf/manifest.xml': OK
List '/home/ubuntu/everest/out/target/product/miatoll/product/etc/vintf/': NAME_NOT_FOUND
getFrameworkCompatibilityMatrix: Successfully processed VINTF information
getDeviceCompatibilityMatrix: Reading VINTF information.
Fetch '/home/ubuntu/everest/out/target/product/miatoll/vendor/etc/vintf/compatibility_matrix.xml': OK
getDeviceCompatibilityMatrix: Successfully processed VINTF information
fetched kernel version 4.14.336
read kernel configs from /home/ubuntu/everest/out/target/product/miatoll/obj/PACKAGING/check_vintf_all_intermediates/kernel_configs.txt
Sysprop apex.all.ready is missing, default to ''
Get modified time '/home/ubuntu/everest/out/target/product/miatoll/obj/PACKAGING/check_vintf_all_intermediates/apex/apex-info-list.xml': OK
Sysprop apex.all.ready is missing, default to ''
Get modified time '/home/ubuntu/everest/out/target/product/miatoll/obj/PACKAGING/check_vintf_all_intermediates/apex/apex-info-list.xml': OK
Sysprop apex.all.ready is missing, default to ''
Get modified time '/home/ubuntu/everest/out/target/product/miatoll/obj/PACKAGING/check_vintf_all_intermediates/apex/apex-info-list.xml': OK
List '/home/ubuntu/everest/out/target/product/miatoll/system/etc/vintf/': OK
Fetch '/home/ubuntu/everest/out/target/product/miatoll/system/etc/vintf/compatibility_matrix.7.xml': OK
Fetch '/home/ubuntu/everest/out/target/product/miatoll/system/etc/vintf/compatibility_matrix.device.xml': OK
Fetch '/home/ubuntu/everest/out/target/product/miatoll/system/etc/vintf/compatibility_matrix.6.xml': OK
Fetch '/home/ubuntu/everest/out/target/product/miatoll/system/etc/vintf/compatibility_matrix.202404.xml': OK
Fetch '/home/ubuntu/everest/out/target/product/miatoll/system/etc/vintf/compatibility_matrix.5.xml': OK
Fetch '/home/ubuntu/everest/out/target/product/miatoll/system/etc/vintf/compatibility_matrix.8.xml': OK
Fetch '/home/ubuntu/everest/out/target/product/miatoll/system/etc/vintf/manifest.xml': OK
Fetch '/home/ubuntu/everest/out/target/product/miatoll/system/etc/vintf/compatibility_matrix.4.xml': OK
List '/home/ubuntu/everest/out/target/product/miatoll/system_ext/etc/vintf/': OK
Fetch '/home/ubuntu/everest/out/target/product/miatoll/system_ext/etc/vintf/manifest.xml': OK
List '/home/ubuntu/everest/out/target/product/miatoll/product/etc/vintf/': NAME_NOT_FOUND
Sysprop apex.all.ready is missing, default to ''
Get modified time '/home/ubuntu/everest/out/target/product/miatoll/obj/PACKAGING/check_vintf_all_intermediates/apex/apex-info-list.xml': OK
List '/home/ubuntu/everest/out/target/product/miatoll/system/etc/vintf/': OK
Fetch '/home/ubuntu/everest/out/target/product/miatoll/system/etc/vintf/compatibility_matrix.7.xml': OK
Fetch '/home/ubuntu/everest/out/target/product/miatoll/system/etc/vintf/compatibility_matrix.device.xml': OK
Fetch '/home/ubuntu/everest/out/target/product/miatoll/system/etc/vintf/compatibility_matrix.6.xml': OK
Fetch '/home/ubuntu/everest/out/target/product/miatoll/system/etc/vintf/compatibility_matrix.202404.xml': OK
Fetch '/home/ubuntu/everest/out/target/product/miatoll/system/etc/vintf/compatibility_matrix.5.xml': OK
Fetch '/home/ubuntu/everest/out/target/product/miatoll/system/etc/vintf/compatibility_matrix.8.xml': OK
Fetch '/home/ubuntu/everest/out/target/product/miatoll/system/etc/vintf/manifest.xml': OK
Fetch '/home/ubuntu/everest/out/target/product/miatoll/system/etc/vintf/compatibility_matrix.4.xml': OK
List '/home/ubuntu/everest/out/target/product/miatoll/system_ext/etc/vintf/': OK
Fetch '/home/ubuntu/everest/out/target/product/miatoll/system_ext/etc/vintf/manifest.xml': OK
List '/home/ubuntu/everest/out/target/product/miatoll/product/etc/vintf/': NAME_NOT_FOUND
Sysprop apex.all.ready is missing, default to ''
Get modified time '/home/ubuntu/everest/out/target/product/miatoll/obj/PACKAGING/check_vintf_all_intermediates/apex/apex-info-list.xml': OK
Sysprop apex.all.ready is missing, default to ''
Get modified time '/home/ubuntu/everest/out/target/product/miatoll/obj/PACKAGING/check_vintf_all_intermediates/apex/apex-info-list.xml': OK
Sysprop apex.all.ready is missing, default to ''
Get modified time '/home/ubuntu/everest/out/target/product/miatoll/obj/PACKAGING/check_vintf_all_intermediates/apex/apex-info-list.xml': OK
Sysprop apex.all.ready is missing, default to ''
Get modified time '/home/ubuntu/everest/out/target/product/miatoll/obj/PACKAGING/check_vintf_all_intermediates/apex/apex-info-list.xml': OK
List '/home/ubuntu/everest/out/target/product/miatoll/system/etc/vintf/': OK
Fetch '/home/ubuntu/everest/out/target/product/miatoll/system/etc/vintf/compatibility_matrix.7.xml': OK
Fetch '/home/ubuntu/everest/out/target/product/miatoll/system/etc/vintf/compatibility_matrix.device.xml': OK
Fetch '/home/ubuntu/everest/out/target/product/miatoll/system/etc/vintf/compatibility_matrix.6.xml': OK
Fetch '/home/ubuntu/everest/out/target/product/miatoll/system/etc/vintf/compatibility_matrix.202404.xml': OK
Fetch '/home/ubuntu/everest/out/target/product/miatoll/system/etc/vintf/compatibility_matrix.5.xml': OK
Fetch '/home/ubuntu/everest/out/target/product/miatoll/system/etc/vintf/compatibility_matrix.8.xml': OK
Fetch '/home/ubuntu/everest/out/target/product/miatoll/system/etc/vintf/manifest.xml': OK
Fetch '/home/ubuntu/everest/out/target/product/miatoll/system/etc/vintf/compatibility_matrix.4.xml': OK
List '/home/ubuntu/everest/out/target/product/miatoll/system_ext/etc/vintf/': OK
Fetch '/home/ubuntu/everest/out/target/product/miatoll/system_ext/etc/vintf/manifest.xml': OK
List '/home/ubuntu/everest/out/target/product/miatoll/product/etc/vintf/': NAME_NOT_FOUND
All HALs in device manifest are declared in FCM <= level 5
ERROR: files are incompatible: android.hardware.drm@1.0::ICryptoFactory/default is deprecated; requires at least 1.3
    because it matches android.hardware.drm@1.0::ICryptoFactory/.* from /system/etc/vintf/compatibility_matrix.4.xml
android.hardware.drm@1.0::IDrmFactory/default is deprecated; requires at least 1.3
    because it matches android.hardware.drm@1.0::IDrmFactory/.* from /system/etc/vintf/compatibility_matrix.4.xml
android.hardware.light@2.0::ILight/default is deprecated in compatibility matrix at FCM Version 5; it should not be served.
    because it matches android.hardware.light@2.0::ILight/default from /system/etc/vintf/compatibility_matrix.4.xml
android.hardware.power@1.3::IPower/default is deprecated in compatibility matrix at FCM Version 5; it should not be served.
    because it matches android.hardware.power@1.0::IPower/default from /system/etc/vintf/compatibility_matrix.4.xml: Success
INCOMPATIBLE



FAILED: build /home/ubuntu/everest/out/target/product/miatoll/obj/PACKAGING/check-all-partition-sizes_intermediates/check_all_partition_sizes.log (priority: 4)
Outputs: /home/ubuntu/everest/out/target/product/miatoll/obj/PACKAGING/check-all-partition-sizes_intermediates/check_all_partition_sizes.log
Error: exited with code: 1
Command: /bin/bash -c "(mkdir -p /home/ubuntu/everest/out/target/product/miatoll/obj/PACKAGING/check-all-partition-sizes_intermediates/ ) && (rm -f  /home/ubuntu/everest/out/target/product/miatoll/obj/PACKAGING/check-all-partition-sizes_intermediates/misc_info.txt ) && (echo \"use_dynamic_partitions=true\" >>   /home/ubuntu/everest/out/target/product/miatoll/obj/PACKAGING/check-all-partition-sizes_intermediates/misc_info.txt ) && (echo \"lpmake=lpmake\" >>   /home/ubuntu/everest/out/target/product/miatoll/obj/PACKAGING/check-all-partition-sizes_intermediates/misc_info.txt ) && (echo \"build_super_partition=true\" >>   /home/ubuntu/everest/out/target/product/miatoll/obj/PACKAGING/check-all-partition-sizes_intermediates/misc_info.txt ) && (echo \"build_super_empty_partition=true\" >>   /home/ubuntu/everest/out/target/product/miatoll/obj/PACKAGING/check-all-partition-sizes_intermediates/misc_info.txt ) && (echo \"super_metadata_device=super\" >>   /home/ubuntu/everest/out/target/product/miatoll/obj/PACKAGING/check-all-partition-sizes_intermediates/misc_info.txt ) && (echo \"super_block_devices=super\" >>   /home/ubuntu/everest/out/target/product/miatoll/obj/PACKAGING/check-all-partition-sizes_intermediates/misc_info.txt ) && (echo \"super_super_device_size=8589934592\" >>   /home/ubuntu/everest/out/target/product/miatoll/obj/PACKAGING/check-all-partition-sizes_intermediates/misc_info.txt ) && (echo \"dynamic_partition_list= system system_ext vendor product\" >>   /home/ubuntu/everest/out/target/product/miatoll/obj/PACKAGING/check-all-partition-sizes_intermediates/misc_info.txt ) && (echo \"super_partition_groups=qti_dynamic_partitions\" >>   /home/ubuntu/everest/out/target/product/miatoll/obj/PACKAGING/check-all-partition-sizes_intermediates/misc_info.txt ) && (echo \"super_qti_dynamic_partitions_group_size=8585740288\" >>   /home/ubuntu/everest/out/target/product/miatoll/obj/PACKAGING/check-all-partition-sizes_intermediates/misc_info.txt;  echo \"super_qti_dynamic_partitions_partition_list= system system_ext vendor product\" >>   /home/ubuntu/everest/out/target/product/miatoll/obj/PACKAGING/check-all-partition-sizes_intermediates/misc_info.txt ) && (echo \"super_partition_size=8589934592\" >>   /home/ubuntu/everest/out/target/product/miatoll/obj/PACKAGING/check-all-partition-sizes_intermediates/misc_info.txt ) && (echo \"system_image=\"/home/ubuntu/everest/out/target/product/miatoll/system.img >>  /home/ubuntu/everest/out/target/product/miatoll/obj/PACKAGING/check-all-partition-sizes_intermediates/misc_info.txt;  echo \"system_ext_image=\"/home/ubuntu/everest/out/target/product/miatoll/system_ext.img >>  /home/ubuntu/everest/out/target/product/miatoll/obj/PACKAGING/check-all-partition-sizes_intermediates/misc_info.txt;  echo \"vendor_image=\"/home/ubuntu/everest/out/target/product/miatoll/vendor.img >>  /home/ubuntu/everest/out/target/product/miatoll/obj/PACKAGING/check-all-partition-sizes_intermediates/misc_info.txt;  echo \"product_image=\"/home/ubuntu/everest/out/target/product/miatoll/product.img >>  /home/ubuntu/everest/out/target/product/miatoll/obj/PACKAGING/check-all-partition-sizes_intermediates/misc_info.txt ) && (/home/ubuntu/everest/out/host/linux-x86/bin/check_partition_sizes --logfile  /home/ubuntu/everest/out/target/product/miatoll/obj/PACKAGING/check-all-partition-sizes_intermediates/check_all_partition_sizes.log  /home/ubuntu/everest/out/target/product/miatoll/obj/PACKAGING/check-all-partition-sizes_intermediates/misc_info.txt )"
Output:
Traceback (most recent call last):
  File "<frozen runpy>", line 198, in _run_module_as_main
  File "<frozen runpy>", line 88, in _run_code
  File "/home/ubuntu/everest/out/host/linux-x86/bin/check_partition_sizes/__main__.py", line 12, in <module>
  File "<frozen runpy>", line 198, in _run_module_as_main
  File "<frozen runpy>", line 88, in _run_code
  File "check_partition_sizes.py", line 302, in <module>
  File "check_partition_sizes.py", line 296, in main
  File "check_partition_sizes.py", line 284, in CheckPartitionSizes
  File "check_partition_sizes.py", line 276, in Run
  File "check_partition_sizes.py", line 233, in _CheckAllPartitionSizes
  File "check_partition_sizes.py", line 168, in _CheckSumOfPartitionSizes
  File "check_partition_sizes.py", line 62, in CheckLe
RuntimeError: sum of sizes of ['system', 'system_ext', 'vendor', 'product'] is greater than BOARD_SUPER_PARTITION_SIZE:
3203014656+913063936+1106735104+4255756288 == 9478569984 > 8589934592 == 8589934592

